====================================================================================================
CHL_MEMLOCS = 10

One-directional:
-1 150 150 150 150 150 150 150 1 11
150 -1 150 150 150 150 150 150 6 11
150 150 -1 150 150 150 150 150 6 11
150 150 150 -1 150 150 150 150 6 11
150 150 150 150 -1 150 150 150 6 11
150 150 150 150 150 -1 150 150 6 11
150 150 150 150 150 150 -1 150 6 11
150 150 150 150 150 150 150 -1 6 11
1 8 8 8 8 8 8 8 -1 -1
12 12 12 12 12 12 12 12 -1 -1

Bidirectional:
-1 136 136 136 136 136 136 136 5 1
136 -1 136 136 136 136 136 136 5 1
136 136 -1 136 136 136 136 136 5 1
136 136 136 -1 136 136 136 136 5 1
136 136 136 136 -1 136 136 136 5 1
136 136 136 136 136 -1 136 136 5 1
136 136 136 136 136 136 -1 136 5 1
136 136 136 136 136 136 136 -1 5 1
1 1 7 7 7 7 7 7 -1 -1
1 1  1  1  1  1  1   1  -1 -1

====================================================================================================
