====================================================================================================
CHL_MEMLOCS = 10

One-directional:
-1 150 150 150 150 150 150 150 10 18
150 -1 150 150 150 150 150 150 -1 -1
150 150 -1 150 150 150 150 150 10 18
150 150 150 -1 150 150 150 150 -1 -1
150 150 150 150 -1 150 150 150 -1 -1
150 150 150 150 150 -1 150 150 -1 -1
150 150 150 150 150 150 -1 150 -1 -1
150 150 150 150 150 150 150 -1 -1 -1
18 -1 18 -1 -1 -1 -1 -1 -1 -1
22 -1 22 -1 -1 -1 -1 -1 -1 -1

Bidirectional:
-1 136 136 136 136 136 136 136 9 16
136 -1 136 136 136 136 136 136 -1 -1
136 136 -1 136 136 136 136 136 9 16
136 136 136 -1 136 136 136 136 -1 -1
136 136 136 136 -1 136 136 136 -1 -1
136 136 136 136 136 -1 136 136 -1 -1
136 136 136 136 136 136 -1 136 -1 -1
136 136 136 136 136 136 136 -1 -1 -1
14 -1 14 -1 -1 -1 -1 -1 -1 -1
18 -1 18 -1 -1 -1 -1 -1 -1 -1

====================================================================================================
