====================================================================================================
CHL_MEMLOCS = 10

One-directional:
-1 150 150 150 150 150 150 150 6 11
150 -1 150 150 150 150 150 150 6 11
150 150 -1 150 150 150 150 150 6 11
150 150 150 -1 150 150 150 150 6 11
150 150 150 150 -1 150 150 150 6 11
150 150 150 150 150 -1 150 150 6 11
150 150 150 150 150 150 -1 150 6 11
150 150 150 150 150 150 150 -1 6 11
18 -1 18 -1 18 -1 18 -1 -1 -1
22 -1 22 -1 22 -1 22 -1 -1 -1

Bidirectional:
-1 136 136 136 136 136 136 136 5 9
136 -1 136 136 136 136 136 136 5 9
136 136 -1 136 136 136 136 136 5 9
136 136 136 -1 136 136 136 136 5 9
136 136 136 136 -1 136 136 136 5 9
136 136 136 136 136 -1 136 136 5 9
136 136 136 136 136 136 -1 136 5 9
136 136 136 136 136 136 136 -1 5 9
14 -1 14 -1 14 -1 14 -1 -1 -1
18 -1 18 -1 18 -1 18 -1 -1 -1

====================================================================================================
