====================================================================================================
CHL_MEMLOCS = 10

One-directional:
-1 150 150 150 150 150 150 150 -1 -1
150 -1 150 150 150 150 150 150 -1 -1
150 150 -1 150 150 150 150 150 -1 -1
150 150 150 -1 150 150 150 150 -1 -1
150 150 150 150 -1 150 150 150 15 22
150 150 150 150 150 -1 150 150 -1 -1
150 150 150 150 150 150 -1 150 -1 -1
150 150 150 150 150 150 150 -1 -1 -1
-1 -1 -1 -1 20 -1 -1 -1 -1 -1 
-1 -1 -1 -1 24 -1 -1 -1 -1 -1

Bidirectional:
-1 136 136 136 136 136 136 136 -1 -1
136 -1 136 136 136 136 136 136 -1 -1
136 136 -1 136 136 136 136 136 -1 -1
136 136 136 -1 136 136 136 136 -1 -1
136 136 136 136 -1 136 136 136 11 19
136 136 136 136 136 -1 136 136 -1 -1
136 136 136 136 136 136 -1 136 -1 -1
136 136 136 136 136 136 136 -1 -1 -1
-1 -1 -1 -1 12 -1 -1 -1 -1 -1
-1 -1 -1 -1 16 -1 -1 -1 -1 -1

====================================================================================================
